#
# There is insufficient memory for the Java Runtime Environment to continue.
# Native memory allocation (mmap) failed to map 264241152 bytes for G1 virtual space
# Possible reasons:
#   The system is out of physical RAM or swap space
#   The process is running with CompressedOops enabled, and the Java Heap may be blocking the growth of the native heap
# Possible solutions:
#   Reduce memory load on the system
#   Increase physical memory or swap space
#   Check if swap backing store is full
#   Decrease Java heap size (-Xmx/-Xms)
#   Decrease number of Java threads
#   Decrease Java thread stack sizes (-Xss)
#   Set larger code cache with -XX:ReservedCodeCacheSize=
#   JVM is running with Zero Based Compressed Oops mode in which the Java heap is
#     placed in the first 32GB address space. The Java Heap base address is the
#     maximum limit for the native heap growth. Please use -XX:HeapBaseMinAddress
#     to set the Java Heap base and to place the Java Heap above 32GB virtual address.
# This output file may be truncated or incomplete.
#
#  Out of Memory Error (os_windows.cpp:3550), pid=25588, tid=19176
#
# JRE version:  (17.0.8+9) (build )
# Java VM: Java HotSpot(TM) 64-Bit Server VM (17.0.8+9-LTS-211, mixed mode, sharing, tiered, compressed oops, compressed class ptrs, g1 gc, windows-amd64)
# No core dump will be written. Minidumps are not enabled by default on client versions of Windows
#

---------------  S U M M A R Y ------------

Command Line: -ea -Didea.test.cyclic.buffer.size=1048576 -javaagent:C:\Program Files\JetBrains\IntelliJ IDEA Community Edition 2023.2.5\lib\idea_rt.jar=55390:C:\Program Files\JetBrains\IntelliJ IDEA Community Edition 2023.2.5\bin -Dfile.encoding=UTF-8 com.intellij.rt.junit.JUnitStarter -ideVersion5 -junit5 net.javaguides.employeeservice.EmployeeServiceApplicationTests

Host: 11th Gen Intel(R) Core(TM) i7-1185G7 @ 3.00GHz, 8 cores, 15G,  Windows 10 , 64 bit Build 19041 (10.0.19041.3636)
Time: Mon Feb 19 18:59:36 2024 Hora estándar central (México) elapsed time: 0.022038 seconds (0d 0h 0m 0s)

---------------  T H R E A D  ---------------

Current thread (0x0000022330eadfb0):  JavaThread "Unknown thread" [_thread_in_vm, id=19176, stack(0x000000e8dee00000,0x000000e8def00000)]

Stack: [0x000000e8dee00000,0x000000e8def00000]
Native frames: (J=compiled Java code, j=interpreted, Vv=VM code, C=native code)
V  [jvm.dll+0x677d0a]
V  [jvm.dll+0x7d8c54]
V  [jvm.dll+0x7da3fe]
V  [jvm.dll+0x7daa63]
V  [jvm.dll+0x245c5f]
V  [jvm.dll+0x674bb9]
V  [jvm.dll+0x6694f2]
V  [jvm.dll+0x3031d6]
V  [jvm.dll+0x30a756]
V  [jvm.dll+0x359f9e]
V  [jvm.dll+0x35a1cf]
V  [jvm.dll+0x2da3e8]
V  [jvm.dll+0x2db354]
V  [jvm.dll+0x7aa711]
V  [jvm.dll+0x367b51]
V  [jvm.dll+0x789979]
V  [jvm.dll+0x3eb05f]
V  [jvm.dll+0x3ecae1]
C  [jli.dll+0x5297]
C  [ucrtbase.dll+0x21bb2]
C  [KERNEL32.DLL+0x17344]
C  [ntdll.dll+0x526b1]


---------------  P R O C E S S  ---------------

Threads class SMR info:
_java_thread_list=0x00007ffb324259d8, length=0, elements={
}

Java Threads: ( => current thread )

Other Threads:
  0x0000022330efa190 GCTaskThread "GC Thread#0" [stack: 0x000000e8def00000,0x000000e8df000000] [id=16932]
  0x0000022330f0a890 ConcurrentGCThread "G1 Main Marker" [stack: 0x000000e8df000000,0x000000e8df100000] [id=1620]
  0x0000022330f0af50 ConcurrentGCThread "G1 Conc#0" [stack: 0x000000e8df100000,0x000000e8df200000] [id=10576]

[error occurred during error reporting (printing all threads), id 0xc0000005, EXCEPTION_ACCESS_VIOLATION (0xc0000005) at pc=0x00007ffb31c5b047]

VM state: not at safepoint (not fully initialized)

VM Mutex/Monitor currently owned by a thread:  ([mutex/lock_event])
[0x0000022330eab540] Heap_lock - owner thread: 0x0000022330eadfb0

Heap address: 0x0000000704e00000, size: 4018 MB, Compressed Oops mode: Zero based, Oop shift amount: 3

CDS archive(s) mapped at: [0x0000000000000000-0x0000000000000000-0x0000000000000000), size 0, SharedBaseAddress: 0x0000000800000000, ArchiveRelocationMode: 1.
Narrow klass base: 0x0000000000000000, Narrow klass shift: 0, Narrow klass range: 0x0

GC Precious Log:
<Empty>

Heap:
 garbage-first heap   total 0K, used 0K [0x0000000704e00000, 0x0000000800000000)
  region size 2048K, 0 young (0K), 0 survivors (0K)

[error occurred during error reporting (printing heap information), id 0xc0000005, EXCEPTION_ACCESS_VIOLATION (0xc0000005) at pc=0x00007ffb32041499]

GC Heap History (0 events):
No events

Deoptimization events (0 events):
No events

Classes unloaded (0 events):
No events

Classes redefined (0 events):
No events

Internal exceptions (0 events):
No events

VM Operations (0 events):
No events

Events (1 events):
Event: 0.011 Loaded shared library C:\Program Files\Java\jdk-17\bin\java.dll


Dynamic libraries:
0x00007ff7fbb50000 - 0x00007ff7fbb60000 	C:\Program Files\Java\jdk-17\bin\java.exe
0x00007ffbaf4b0000 - 0x00007ffbaf6a8000 	C:\Windows\SYSTEM32\ntdll.dll
0x00007ffbad6c0000 - 0x00007ffbad77d000 	C:\Windows\System32\KERNEL32.DLL
0x00007ffbad090000 - 0x00007ffbad386000 	C:\Windows\System32\KERNELBASE.dll
0x00000000570e0000 - 0x000000005717e000 	C:\ProgramData\Symantec\Symantec Endpoint Protection\14.3.10148.8000.105\Data\Sysfer\x64\sysfer.dll
0x00007ffbacd40000 - 0x00007ffbace40000 	C:\Windows\System32\ucrtbase.dll
0x00007ffb746a0000 - 0x00007ffb746b9000 	C:\Program Files\Java\jdk-17\bin\jli.dll
0x00007ffb74410000 - 0x00007ffb7442b000 	C:\Program Files\Java\jdk-17\bin\VCRUNTIME140.dll
0x00007ffbaf200000 - 0x00007ffbaf2b3000 	C:\Windows\System32\ADVAPI32.dll
0x00007ffbada10000 - 0x00007ffbadaae000 	C:\Windows\System32\msvcrt.dll
0x00007ffbad7a0000 - 0x00007ffbad83f000 	C:\Windows\System32\sechost.dll
0x00007ffbae590000 - 0x00007ffbae6b6000 	C:\Windows\System32\RPCRT4.dll
0x00007ffbacb70000 - 0x00007ffbacb97000 	C:\Windows\System32\bcrypt.dll
0x00007ffbadf10000 - 0x00007ffbae0ae000 	C:\Windows\System32\USER32.dll
0x00007ffbacc10000 - 0x00007ffbacc32000 	C:\Windows\System32\win32u.dll
0x00007ffb8a5e0000 - 0x00007ffb8a87a000 	C:\Windows\WinSxS\amd64_microsoft.windows.common-controls_6595b64144ccf1df_6.0.19041.3636_none_60b6a03d71f818d5\COMCTL32.dll
0x00007ffbae6c0000 - 0x00007ffbae6eb000 	C:\Windows\System32\GDI32.dll
0x00007ffbacee0000 - 0x00007ffbacff7000 	C:\Windows\System32\gdi32full.dll
0x00007ffbace40000 - 0x00007ffbacedd000 	C:\Windows\System32\msvcp_win.dll
0x00007ffba1510000 - 0x00007ffba151a000 	C:\Windows\SYSTEM32\VERSION.dll
0x00007ffbad790000 - 0x00007ffbad798000 	C:\Windows\System32\psapi.dll
0x00007ffbad5d0000 - 0x00007ffbad602000 	C:\Windows\System32\IMM32.DLL
0x0000000057060000 - 0x00000000570d2000 	C:\Windows\System32\QIPCAP64.dll
0x00007ffbae6f0000 - 0x00007ffbaee35000 	C:\Windows\System32\SHELL32.dll
0x00007ffbabfb0000 - 0x00007ffbac07b000 	C:\Windows\SYSTEM32\DNSAPI.dll
0x00007ffbabf60000 - 0x00007ffbabf9b000 	C:\Windows\SYSTEM32\IPHLPAPI.DLL
0x00007ffbae110000 - 0x00007ffbae118000 	C:\Windows\System32\NSI.dll
0x00007ffb749c0000 - 0x00007ffb749cc000 	C:\Program Files\Java\jdk-17\bin\vcruntime140_1.dll
0x00007ffb732c0000 - 0x00007ffb7334e000 	C:\Program Files\Java\jdk-17\bin\msvcp140.dll
0x00007ffb31970000 - 0x00007ffb3254e000 	C:\Program Files\Java\jdk-17\bin\server\jvm.dll
0x00007ffb89990000 - 0x00007ffb89999000 	C:\Windows\SYSTEM32\WSOCK32.dll
0x00007ffbaf2c0000 - 0x00007ffbaf32b000 	C:\Windows\System32\WS2_32.dll
0x00007ffb9bc30000 - 0x00007ffb9bc57000 	C:\Windows\SYSTEM32\WINMM.dll
0x00007ffbab4d0000 - 0x00007ffbab4e2000 	C:\Windows\SYSTEM32\kernel.appcore.dll
0x00007ffb74400000 - 0x00007ffb7440a000 	C:\Program Files\Java\jdk-17\bin\jimage.dll
0x00007ffbab200000 - 0x00007ffbab3e4000 	C:\Windows\SYSTEM32\DBGHELP.DLL
0x00007ffb98810000 - 0x00007ffb98844000 	C:\Windows\SYSTEM32\dbgcore.DLL
0x0000022332aa0000 - 0x0000022332b22000 	C:\Windows\System32\bcryptPrimitives.dll
0x00007ffb97750000 - 0x00007ffb9775e000 	C:\Program Files\Java\jdk-17\bin\instrument.dll
0x00007ffb74360000 - 0x00007ffb74385000 	C:\Program Files\Java\jdk-17\bin\java.dll

dbghelp: loaded successfully - version: 4.0.5 - missing functions: none
symbol engine: initialized successfully - sym options: 0x614 - pdb path: .;C:\Program Files\Java\jdk-17\bin;C:\Windows\SYSTEM32;C:\ProgramData\Symantec\Symantec Endpoint Protection\14.3.10148.8000.105\Data\Sysfer\x64;C:\Windows\WinSxS\amd64_microsoft.windows.common-controls_6595b64144ccf1df_6.0.19041.3636_none_60b6a03d71f818d5;C:\Program Files\Java\jdk-17\bin\server

VM Arguments:
jvm_args: -ea -Didea.test.cyclic.buffer.size=1048576 -javaagent:C:\Program Files\JetBrains\IntelliJ IDEA Community Edition 2023.2.5\lib\idea_rt.jar=55390:C:\Program Files\JetBrains\IntelliJ IDEA Community Edition 2023.2.5\bin -Dfile.encoding=UTF-8 
java_command: com.intellij.rt.junit.JUnitStarter -ideVersion5 -junit5 net.javaguides.employeeservice.EmployeeServiceApplicationTests
java_class_path (initial): C:\Users\FP504508\.m2\repository\org\junit\platform\junit-platform-launcher\1.9.3\junit-platform-launcher-1.9.3.jar;C:\Program Files\JetBrains\IntelliJ IDEA Community Edition 2023.2.5\lib\idea_rt.jar;C:\Program Files\JetBrains\IntelliJ IDEA Community Edition 2023.2.5\plugins\junit\lib\junit5-rt.jar;C:\Program Files\JetBrains\IntelliJ IDEA Community Edition 2023.2.5\plugins\junit\lib\junit-rt.jar;C:\Users\FP504508\Documents\Docs-2023\Docs-Microservicios-investigación\ProyectosTEST\MICROSERVICIOS-TEST\springboot-microservices\employee-service\target\test-classes;C:\Users\FP504508\Documents\Docs-2023\Docs-Microservicios-investigación\ProyectosTEST\MICROSERVICIOS-TEST\springboot-microservices\employee-service\target\classes;C:\Users\FP504508\.m2\repository\org\springframework\boot\spring-boot-starter-data-jpa\3.1.6\spring-boot-starter-data-jpa-3.1.6.jar;C:\Users\FP504508\.m2\repository\org\springframework\boot\spring-boot-starter-jdbc\3.1.6\spring-boot-starter-jdbc-3.1.6.jar;C:\Users\FP504508\.m2\repository\com\zaxxer\HikariCP\5.0.1\HikariCP-5.0.1.jar;C:\Users\FP504508\.m2\repository\org\springframework\spring-jdbc\6.0.14\spring-jdbc-6.0.14.jar;C:\Users\FP504508\.m2\repository\org\hibernate\orm\hibernate-core\6.2.13.Final\hibernate-core-6.2.13.Final.jar;C:\Users\FP504508\.m2\repository\jakarta\persistence\jakarta.persistence-api\3.1.0\jakarta.persistence-api-3.1.0.jar;C:\Users\FP504508\.m2\repository\jakarta\transaction\jakarta.transaction-api\2.0.1\jakarta.transaction-api-2.0.1.jar;C:\Users\FP504508\.m2\repository\org\jboss\logging\jboss-logging\3.5.3.Final\jboss-logging-3.5.3.Final.jar;C:\Users\FP504508\.m2\repository\org\hibernate\common\hibernate-commons-annotations\6.0.6.Final\hibernate-commons-annotations-6.0.6.Final.jar;C:\Users\FP504508\.m2\repository\io\smallrye\jandex\3.0.5\jandex-3.0.5.jar;C:\Users\FP504508\.m2\repository\com\fasterxml\classmate\1.5.1\classmate-1.5.1.jar;C:\Users\FP504508\.m2\repository\net\bytebuddy\byte-buddy\1.
Launcher Type: SUN_STANDARD

[Global flags]
     intx CICompilerCount                          = 4                                         {product} {ergonomic}
     uint ConcGCThreads                            = 2                                         {product} {ergonomic}
     uint G1ConcRefinementThreads                  = 8                                         {product} {ergonomic}
   size_t G1HeapRegionSize                         = 2097152                                   {product} {ergonomic}
    uintx GCDrainStackTargetSize                   = 64                                        {product} {ergonomic}
   size_t InitialHeapSize                          = 264241152                                 {product} {ergonomic}
   size_t MarkStackSize                            = 4194304                                   {product} {ergonomic}
   size_t MaxHeapSize                              = 4213178368                                {product} {ergonomic}
   size_t MinHeapDeltaBytes                        = 2097152                                   {product} {ergonomic}
   size_t MinHeapSize                              = 8388608                                   {product} {ergonomic}
    uintx NonNMethodCodeHeapSize                   = 5839372                                {pd product} {ergonomic}
    uintx NonProfiledCodeHeapSize                  = 122909434                              {pd product} {ergonomic}
    uintx ProfiledCodeHeapSize                     = 122909434                              {pd product} {ergonomic}
    uintx ReservedCodeCacheSize                    = 251658240                              {pd product} {ergonomic}
     bool SegmentedCodeCache                       = true                                      {product} {ergonomic}
   size_t SoftMaxHeapSize                          = 4213178368                             {manageable} {ergonomic}
     bool UseCompressedClassPointers               = true                           {product lp64_product} {ergonomic}
     bool UseCompressedOops                        = true                           {product lp64_product} {ergonomic}
     bool UseG1GC                                  = true                                      {product} {ergonomic}
     bool UseLargePagesIndividualAllocation        = false                                  {pd product} {ergonomic}

Logging:
Log output configuration:
 #0: stdout all=warning uptime,level,tags
 #1: stderr all=off uptime,level,tags

Environment Variables:
JAVA_HOME=C:\Program Files\Java\jdk-17
PATH=C:\Program Files\Common Files\Oracle\Java\javapath;C:\Program Files (x86)\Common Files\Oracle\Java\javapath;C:\Windows\system32;C:\Windows;C:\Windows\System32\Wbem;C:\Windows\System32\WindowsPowerShell\v1.0\;C:\Windows\System32\OpenSSH\;C:\Program Files\Java\jdk-17\bin;C:\apache-maven-3.9.5\bin;C:\Program Files\Git\cmd;C:\Program Files\GitHub CLI\;C:\ProgramData\chocolatey\bin;;C:\Program Files\nodejs\;C:\Program Files\Docker\Docker\resources\bin;C:\Program Files\MySQL\MySQL Shell 8.0\bin\;C:\Users\FP504508\AppData\Local\Microsoft\WindowsApps;;C:\Program Files\JetBrains\IntelliJ IDEA 2023.2.2\bin;;C:\Users\FP504508\AppData\Local\Programs\Microsoft VS Code\bin;C:\Users\FP504508\AppData\Roaming\npm
USERNAME=FP504508
OS=Windows_NT
PROCESSOR_IDENTIFIER=Intel64 Family 6 Model 140 Stepping 1, GenuineIntel



---------------  S Y S T E M  ---------------

OS:
 Windows 10 , 64 bit Build 19041 (10.0.19041.3636)
OS uptime: 0 days 5:52 hours
Hyper-V role detected

CPU: total 8 (initial active 8) (4 cores per cpu, 2 threads per core) family 6 model 140 stepping 1 microcode 0xac, cx8, cmov, fxsr, ht, mmx, 3dnowpref, sse, sse2, sse3, ssse3, sse4.1, sse4.2, popcnt, lzcnt, tsc, tscinvbit, avx, avx2, aes, erms, clmul, bmi1, bmi2, adx, avx512f, avx512dq, avx512cd, avx512bw, avx512vl, sha, fma, vzeroupper, avx512_vpopcntdq, avx512_vpclmulqdq, avx512_vaes, avx512_vnni, clflush, clflushopt, clwb, avx512_vbmi2, avx512_vbmi, hv

Memory: 4k page, system-wide physical 16064M (911M free)
TotalPageFile size 16064M (AvailPageFile size 52M)
current process WorkingSet (physical memory assigned to process): 13M, peak: 13M
current process commit charge ("private bytes"): 62M, peak: 314M

vm_info: Java HotSpot(TM) 64-Bit Server VM (17.0.8+9-LTS-211) for windows-amd64 JRE (17.0.8+9-LTS-211), built on Jun 14 2023 10:34:31 by "mach5one" with MS VC++ 17.1 (VS2022)

END.
