#
# There is insufficient memory for the Java Runtime Environment to continue.
# Native memory allocation (mmap) failed to map 264241152 bytes for G1 virtual space
# Possible reasons:
#   The system is out of physical RAM or swap space
#   The process is running with CompressedOops enabled, and the Java Heap may be blocking the growth of the native heap
# Possible solutions:
#   Reduce memory load on the system
#   Increase physical memory or swap space
#   Check if swap backing store is full
#   Decrease Java heap size (-Xmx/-Xms)
#   Decrease number of Java threads
#   Decrease Java thread stack sizes (-Xss)
#   Set larger code cache with -XX:ReservedCodeCacheSize=
#   JVM is running with Zero Based Compressed Oops mode in which the Java heap is
#     placed in the first 32GB address space. The Java Heap base address is the
#     maximum limit for the native heap growth. Please use -XX:HeapBaseMinAddress
#     to set the Java Heap base and to place the Java Heap above 32GB virtual address.
# This output file may be truncated or incomplete.
#
#  Out of Memory Error (os_windows.cpp:3550), pid=24664, tid=15392
#
# JRE version:  (17.0.8+9) (build )
# Java VM: Java HotSpot(TM) 64-Bit Server VM (17.0.8+9-LTS-211, mixed mode, sharing, tiered, compressed oops, compressed class ptrs, g1 gc, windows-amd64)
# No core dump will be written. Minidumps are not enabled by default on client versions of Windows
#

---------------  S U M M A R Y ------------

Command Line: C:\Users\FP504508\AppData\Local\Temp\surefire13630179338309158454\surefirebooter-20231220163245058_3.jar C:\Users\FP504508\AppData\Local\Temp\surefire13630179338309158454 2023-12-20T16-32-44_882-jvmRun1 surefire-20231220163245058_1tmp surefire_0-20231220163245058_2tmp

Host: 11th Gen Intel(R) Core(TM) i7-1185G7 @ 3.00GHz, 8 cores, 15G,  Windows 10 , 64 bit Build 19041 (10.0.19041.3636)
Time: Wed Dec 20 16:32:45 2023 Hora estándar central (México) elapsed time: 0.042688 seconds (0d 0h 0m 0s)

---------------  T H R E A D  ---------------

Current thread (0x0000014b088578a0):  JavaThread "Unknown thread" [_thread_in_vm, id=15392, stack(0x0000000100600000,0x0000000100700000)]

Stack: [0x0000000100600000,0x0000000100700000]
Native frames: (J=compiled Java code, j=interpreted, Vv=VM code, C=native code)
V  [jvm.dll+0x677d0a]
V  [jvm.dll+0x7d8c54]
V  [jvm.dll+0x7da3fe]
V  [jvm.dll+0x7daa63]
V  [jvm.dll+0x245c5f]
V  [jvm.dll+0x674bb9]
V  [jvm.dll+0x6694f2]
V  [jvm.dll+0x3031d6]
V  [jvm.dll+0x30a756]
V  [jvm.dll+0x359f9e]
V  [jvm.dll+0x35a1cf]
V  [jvm.dll+0x2da3e8]
V  [jvm.dll+0x2db354]
V  [jvm.dll+0x7aa711]
V  [jvm.dll+0x367b51]
V  [jvm.dll+0x789979]
V  [jvm.dll+0x3eb05f]
V  [jvm.dll+0x3ecae1]
C  [jli.dll+0x5297]
C  [ucrtbase.dll+0x21bb2]
C  [KERNEL32.DLL+0x17344]
C  [ntdll.dll+0x526b1]


---------------  P R O C E S S  ---------------

Threads class SMR info:
_java_thread_list=0x00007ff9139c59d8, length=0, elements={
}

Java Threads: ( => current thread )

Other Threads:
  0x0000014b08877580 GCTaskThread "GC Thread#0" [stack: 0x0000000100700000,0x0000000100800000] [id=3692]
  0x0000014b0877cd00 ConcurrentGCThread "G1 Main Marker" [stack: 0x0000000100800000,0x0000000100900000] [id=31100]
  0x0000014b0877df30 ConcurrentGCThread "G1 Conc#0" [stack: 0x0000000100900000,0x0000000100a00000] [id=17416]

[error occurred during error reporting (printing all threads), id 0xc0000005, EXCEPTION_ACCESS_VIOLATION (0xc0000005) at pc=0x00007ff9131fb047]

VM state: not at safepoint (not fully initialized)

VM Mutex/Monitor currently owned by a thread:  ([mutex/lock_event])
[0x0000014b086ebf30] Heap_lock - owner thread: 0x0000014b088578a0

Heap address: 0x0000000704e00000, size: 4018 MB, Compressed Oops mode: Zero based, Oop shift amount: 3

CDS archive(s) mapped at: [0x0000000000000000-0x0000000000000000-0x0000000000000000), size 0, SharedBaseAddress: 0x0000000800000000, ArchiveRelocationMode: 1.
Narrow klass base: 0x0000000000000000, Narrow klass shift: 0, Narrow klass range: 0x0

GC Precious Log:
<Empty>

Heap:
 garbage-first heap   total 0K, used 0K [0x0000000704e00000, 0x0000000800000000)
  region size 2048K, 0 young (0K), 0 survivors (0K)

[error occurred during error reporting (printing heap information), id 0xc0000005, EXCEPTION_ACCESS_VIOLATION (0xc0000005) at pc=0x00007ff9135e1499]

GC Heap History (0 events):
No events

Deoptimization events (0 events):
No events

Classes unloaded (0 events):
No events

Classes redefined (0 events):
No events

Internal exceptions (0 events):
No events

VM Operations (0 events):
No events

Events (1 events):
Event: 0.012 Loaded shared library C:\Program Files\Java\jdk-17\bin\java.dll


Dynamic libraries:
0x00007ff695c30000 - 0x00007ff695c40000 	C:\Program Files\Java\jdk-17\bin\java.exe
0x00007ff9bd850000 - 0x00007ff9bda48000 	C:\Windows\SYSTEM32\ntdll.dll
0x00007ff9bd610000 - 0x00007ff9bd6cd000 	C:\Windows\System32\KERNEL32.DLL
0x00007ff9bb5b0000 - 0x00007ff9bb8a6000 	C:\Windows\System32\KERNELBASE.dll
0x000000006b8c0000 - 0x000000006b95e000 	C:\ProgramData\Symantec\Symantec Endpoint Protection\14.3.10148.8000.105\Data\Sysfer\x64\sysfer.dll
0x00007ff9bb3f0000 - 0x00007ff9bb4f0000 	C:\Windows\System32\ucrtbase.dll
0x00007ff98bae0000 - 0x00007ff98baf9000 	C:\Program Files\Java\jdk-17\bin\jli.dll
0x00007ff98f550000 - 0x00007ff98f56b000 	C:\Program Files\Java\jdk-17\bin\VCRUNTIME140.dll
0x00007ff9bc3b0000 - 0x00007ff9bc45f000 	C:\Windows\System32\ADVAPI32.dll
0x00007ff9bc4d0000 - 0x00007ff9bc56e000 	C:\Windows\System32\msvcrt.dll
0x00007ff9bb8b0000 - 0x00007ff9bb94c000 	C:\Windows\System32\sechost.dll
0x00007ff9bcc30000 - 0x00007ff9bcd56000 	C:\Windows\System32\RPCRT4.dll
0x00007ff9bc210000 - 0x00007ff9bc3ae000 	C:\Windows\System32\USER32.dll
0x00007ff9baf30000 - 0x00007ff9baf52000 	C:\Windows\System32\win32u.dll
0x00007ff9bc160000 - 0x00007ff9bc18c000 	C:\Windows\System32\GDI32.dll
0x00007ff9bb0b0000 - 0x00007ff9bb1ca000 	C:\Windows\System32\gdi32full.dll
0x00007ff99b430000 - 0x00007ff99b6ca000 	C:\Windows\WinSxS\amd64_microsoft.windows.common-controls_6595b64144ccf1df_6.0.19041.3636_none_60b6a03d71f818d5\COMCTL32.dll
0x00007ff9bb010000 - 0x00007ff9bb0ad000 	C:\Windows\System32\msvcp_win.dll
0x00007ff9b04b0000 - 0x00007ff9b04ba000 	C:\Windows\SYSTEM32\VERSION.dll
0x00007ff9bb950000 - 0x00007ff9bb958000 	C:\Windows\System32\psapi.dll
0x00007ff9bd4b0000 - 0x00007ff9bd4e0000 	C:\Windows\System32\IMM32.DLL
0x000000006b840000 - 0x000000006b8b2000 	C:\Windows\System32\QIPCAP64.dll
0x00007ff9bba10000 - 0x00007ff9bc155000 	C:\Windows\System32\SHELL32.dll
0x00007ff9ba3c0000 - 0x00007ff9ba48a000 	C:\Windows\SYSTEM32\DNSAPI.dll
0x00007ff9ba370000 - 0x00007ff9ba3ab000 	C:\Windows\SYSTEM32\IPHLPAPI.DLL
0x00007ff9bc4c0000 - 0x00007ff9bc4c8000 	C:\Windows\System32\NSI.dll
0x00007ff9974d0000 - 0x00007ff9974dc000 	C:\Program Files\Java\jdk-17\bin\vcruntime140_1.dll
0x00007ff9690d0000 - 0x00007ff96915e000 	C:\Program Files\Java\jdk-17\bin\msvcp140.dll
0x00007ff912f10000 - 0x00007ff913aee000 	C:\Program Files\Java\jdk-17\bin\server\jvm.dll
0x00007ff9932e0000 - 0x00007ff9932e9000 	C:\Windows\SYSTEM32\WSOCK32.dll
0x00007ff9bc570000 - 0x00007ff9bc5db000 	C:\Windows\System32\WS2_32.dll
0x00007ff9a96d0000 - 0x00007ff9a96f7000 	C:\Windows\SYSTEM32\WINMM.dll
0x00007ff9b98e0000 - 0x00007ff9b98f2000 	C:\Windows\SYSTEM32\kernel.appcore.dll
0x00007ff996830000 - 0x00007ff99683a000 	C:\Program Files\Java\jdk-17\bin\jimage.dll
0x00007ff9b9610000 - 0x00007ff9b97f4000 	C:\Windows\SYSTEM32\DBGHELP.DLL
0x00007ff996dc0000 - 0x00007ff996df4000 	C:\Windows\SYSTEM32\dbgcore.DLL
0x00007ff9bb1d0000 - 0x00007ff9bb252000 	C:\Windows\System32\bcryptPrimitives.dll
0x00007ff980a30000 - 0x00007ff980a55000 	C:\Program Files\Java\jdk-17\bin\java.dll

dbghelp: loaded successfully - version: 4.0.5 - missing functions: none
symbol engine: initialized successfully - sym options: 0x614 - pdb path: .;C:\Program Files\Java\jdk-17\bin;C:\Windows\SYSTEM32;C:\ProgramData\Symantec\Symantec Endpoint Protection\14.3.10148.8000.105\Data\Sysfer\x64;C:\Windows\WinSxS\amd64_microsoft.windows.common-controls_6595b64144ccf1df_6.0.19041.3636_none_60b6a03d71f818d5;C:\Program Files\Java\jdk-17\bin\server

VM Arguments:
java_command: C:\Users\FP504508\AppData\Local\Temp\surefire13630179338309158454\surefirebooter-20231220163245058_3.jar C:\Users\FP504508\AppData\Local\Temp\surefire13630179338309158454 2023-12-20T16-32-44_882-jvmRun1 surefire-20231220163245058_1tmp surefire_0-20231220163245058_2tmp
java_class_path (initial): C:\Users\FP504508\AppData\Local\Temp\surefire13630179338309158454\surefirebooter-20231220163245058_3.jar
Launcher Type: SUN_STANDARD

[Global flags]
     intx CICompilerCount                          = 4                                         {product} {ergonomic}
     uint ConcGCThreads                            = 2                                         {product} {ergonomic}
     uint G1ConcRefinementThreads                  = 8                                         {product} {ergonomic}
   size_t G1HeapRegionSize                         = 2097152                                   {product} {ergonomic}
    uintx GCDrainStackTargetSize                   = 64                                        {product} {ergonomic}
   size_t InitialHeapSize                          = 264241152                                 {product} {ergonomic}
   size_t MarkStackSize                            = 4194304                                   {product} {ergonomic}
   size_t MaxHeapSize                              = 4213178368                                {product} {ergonomic}
   size_t MinHeapDeltaBytes                        = 2097152                                   {product} {ergonomic}
   size_t MinHeapSize                              = 8388608                                   {product} {ergonomic}
    uintx NonNMethodCodeHeapSize                   = 5839372                                {pd product} {ergonomic}
    uintx NonProfiledCodeHeapSize                  = 122909434                              {pd product} {ergonomic}
    uintx ProfiledCodeHeapSize                     = 122909434                              {pd product} {ergonomic}
    uintx ReservedCodeCacheSize                    = 251658240                              {pd product} {ergonomic}
     bool SegmentedCodeCache                       = true                                      {product} {ergonomic}
   size_t SoftMaxHeapSize                          = 4213178368                             {manageable} {ergonomic}
     bool UseCompressedClassPointers               = true                           {product lp64_product} {ergonomic}
     bool UseCompressedOops                        = true                           {product lp64_product} {ergonomic}
     bool UseG1GC                                  = true                                      {product} {ergonomic}
     bool UseLargePagesIndividualAllocation        = false                                  {pd product} {ergonomic}

Logging:
Log output configuration:
 #0: stdout all=warning uptime,level,tags
 #1: stderr all=off uptime,level,tags

Environment Variables:
JAVA_HOME=C:\Program Files\Java\jdk-17
PATH=C:\Program Files\Common Files\Oracle\Java\javapath;C:\Program Files (x86)\Common Files\Oracle\Java\javapath;C:\Windows\system32;C:\Windows;C:\Windows\System32\Wbem;C:\Windows\System32\WindowsPowerShell\v1.0\;C:\Windows\System32\OpenSSH\;C:\Program Files\Java\jdk-17\bin;C:\apache-maven-3.9.5\bin;C:\Program Files\Git\cmd;C:\Program Files\MySQL\MySQL Shell 8.0\bin\;C:\Users\FP504508\AppData\Local\Microsoft\WindowsApps;;C:\Program Files\JetBrains\IntelliJ IDEA 2023.2.2\bin;;C:\Users\FP504508\AppData\Local\Programs\Microsoft VS Code\bin
USERNAME=FP504508
OS=Windows_NT
PROCESSOR_IDENTIFIER=Intel64 Family 6 Model 140 Stepping 1, GenuineIntel



---------------  S Y S T E M  ---------------

OS:
 Windows 10 , 64 bit Build 19041 (10.0.19041.3636)
OS uptime: 0 days 23:30 hours

CPU: total 8 (initial active 8) (4 cores per cpu, 2 threads per core) family 6 model 140 stepping 1 microcode 0xac, cx8, cmov, fxsr, ht, mmx, 3dnowpref, sse, sse2, sse3, ssse3, sse4.1, sse4.2, popcnt, lzcnt, tsc, tscinvbit, avx, avx2, aes, erms, clmul, bmi1, bmi2, adx, avx512f, avx512dq, avx512cd, avx512bw, avx512vl, sha, fma, vzeroupper, avx512_vpopcntdq, avx512_vpclmulqdq, avx512_vaes, avx512_vnni, clflush, clflushopt, clwb, avx512_vbmi2, avx512_vbmi

Memory: 4k page, system-wide physical 16064M (1679M free)
TotalPageFile size 16064M (AvailPageFile size 181M)
current process WorkingSet (physical memory assigned to process): 12M, peak: 12M
current process commit charge ("private bytes"): 61M, peak: 313M

vm_info: Java HotSpot(TM) 64-Bit Server VM (17.0.8+9-LTS-211) for windows-amd64 JRE (17.0.8+9-LTS-211), built on Jun 14 2023 10:34:31 by "mach5one" with MS VC++ 17.1 (VS2022)

END.
